Using pre-set license
Built from '2021.3/staging' branch; Version is '2021.3.10f1 (1c7d0df0160b) revision 1867021'; Using compiler version '192829333'; Build Type 'Release'
OS: 'Windows 11  (10.0.22621) 64bit Professional' Language: 'en' Physical Memory: 14188 MB
BatchMode: 1, IsHumanControllingUs: 0, StartBugReporterOnCrash: 0, Is64bit: 1, IsPro: 1

COMMAND LINE ARGUMENTS:
C:\Program Files\Unity\Hub\Editor\2021.3.10f1\Editor\Unity.exe
-adb2
-batchMode
-noUpm
-name
AssetImportWorker1
-projectPath
C:/Users/leago/Documents/GitHub/GADE_YEAR3/projectFiles
-logFile
Logs/AssetImportWorker1.log
-srvPort
50278
Successfully changed project path to: C:/Users/leago/Documents/GitHub/GADE_YEAR3/projectFiles
C:/Users/leago/Documents/GitHub/GADE_YEAR3/projectFiles
[UnityMemory] Configuration Parameters - Can be set up in boot.config
    "memorysetup-bucket-allocator-granularity=16"
    "memorysetup-bucket-allocator-bucket-count=8"
    "memorysetup-bucket-allocator-block-size=33554432"
    "memorysetup-bucket-allocator-block-count=8"
    "memorysetup-main-allocator-block-size=16777216"
    "memorysetup-thread-allocator-block-size=16777216"
    "memorysetup-gfx-main-allocator-block-size=16777216"
    "memorysetup-gfx-thread-allocator-block-size=16777216"
    "memorysetup-cache-allocator-block-size=4194304"
    "memorysetup-typetree-allocator-block-size=2097152"
    "memorysetup-profiler-bucket-allocator-granularity=16"
    "memorysetup-profiler-bucket-allocator-bucket-count=8"
    "memorysetup-profiler-bucket-allocator-block-size=33554432"
    "memorysetup-profiler-bucket-allocator-block-count=8"
    "memorysetup-profiler-allocator-block-size=16777216"
    "memorysetup-profiler-editor-allocator-block-size=1048576"
    "memorysetup-temp-allocator-size-main=16777216"
    "memorysetup-job-temp-allocator-block-size=2097152"
    "memorysetup-job-temp-allocator-block-size-background=1048576"
    "memorysetup-job-temp-allocator-reduction-small-platforms=262144"
    "memorysetup-temp-allocator-size-background-worker=32768"
    "memorysetup-temp-allocator-size-job-worker=262144"
    "memorysetup-temp-allocator-size-preload-manager=33554432"
    "memorysetup-temp-allocator-size-nav-mesh-worker=65536"
    "memorysetup-temp-allocator-size-audio-worker=65536"
    "memorysetup-temp-allocator-size-cloud-worker=32768"
    "memorysetup-temp-allocator-size-gi-baking-worker=262144"
    "memorysetup-temp-allocator-size-gfx=262144"
Refreshing native plugins compatible for Editor in 35.61 ms, found 2 plugins.
Preloading 0 native plugins for Editor in 0.00 ms.
Initialize engine version: 2021.3.10f1 (1c7d0df0160b)
[Subsystems] Discovering subsystems at path C:/Program Files/Unity/Hub/Editor/2021.3.10f1/Editor/Data/Resources/UnitySubsystems
[Subsystems] Discovering subsystems at path C:/Users/leago/Documents/GitHub/GADE_YEAR3/projectFiles/Assets
GfxDevice: creating device client; threaded=0; jobified=0
Direct3D:
    Version:  Direct3D 11.0 [level 11.1]
    Renderer: NVIDIA GeForce RTX 3050 Laptop GPU (ID=0x25a2)
    Vendor:   NVIDIA
    VRAM:     3979 MB
    Driver:   31.0.15.2892
Initialize mono
Mono path[0] = 'C:/Program Files/Unity/Hub/Editor/2021.3.10f1/Editor/Data/Managed'
Mono path[1] = 'C:/Program Files/Unity/Hub/Editor/2021.3.10f1/Editor/Data/MonoBleedingEdge/lib/mono/unityjit-win32'
Mono config path = 'C:/Program Files/Unity/Hub/Editor/2021.3.10f1/Editor/Data/MonoBleedingEdge/etc'
Using monoOptions --debugger-agent=transport=dt_socket,embedding=1,server=y,suspend=n,address=127.0.0.1:56904
Begin MonoManager ReloadAssembly
Registering precompiled unity dll's ...
Register platform support module: C:/Program Files/Unity/Hub/Editor/2021.3.10f1/Editor/Data/PlaybackEngines/WindowsStandaloneSupport/UnityEditor.WindowsStandalone.Extensions.dll
Registered in 0.007801 seconds.
Native extension for WindowsStandalone target not found
Refreshing native plugins compatible for Editor in 25.72 ms, found 2 plugins.
Preloading 0 native plugins for Editor in 0.00 ms.
Mono: successfully reloaded assembly
- Completed reload, in  0.522 seconds
Domain Reload Profiling:
	ReloadAssembly (522ms)
		BeginReloadAssembly (75ms)
			ExecutionOrderSort (0ms)
			DisableScriptedObjects (0ms)
			BackupInstance (0ms)
			ReleaseScriptingObjects (0ms)
			CreateAndSetChildDomain (1ms)
		EndReloadAssembly (335ms)
			LoadAssemblies (72ms)
			RebuildTransferFunctionScriptingTraits (0ms)
			SetupTypeCache (93ms)
			ReleaseScriptCaches (0ms)
			RebuildScriptCaches (21ms)
			SetupLoadedEditorAssemblies (176ms)
				LogAssemblyErrors (0ms)
				InitializePlatformSupportModulesInManaged (7ms)
				SetLoadedEditorAssemblies (0ms)
				RefreshPlugins (26ms)
				BeforeProcessingInitializeOnLoad (1ms)
				ProcessInitializeOnLoadAttributes (101ms)
				ProcessInitializeOnLoadMethodAttributes (41ms)
				AfterProcessingInitializeOnLoad (0ms)
				EditorAssembliesLoaded (0ms)
			ExecutionOrderSort2 (0ms)
			AwakeInstancesAfterBackupRestoration (0ms)
Platform modules already initialized, skipping
Registering precompiled user dll's ...
Registered in 0.005485 seconds.
Begin MonoManager ReloadAssembly
Native extension for WindowsStandalone target not found
Refreshing native plugins compatible for Editor in 0.50 ms, found 2 plugins.
Preloading 0 native plugins for Editor in 0.00 ms.
Mono: successfully reloaded assembly
- Completed reload, in  0.863 seconds
Domain Reload Profiling:
	ReloadAssembly (864ms)
		BeginReloadAssembly (107ms)
			ExecutionOrderSort (0ms)
			DisableScriptedObjects (5ms)
			BackupInstance (0ms)
			ReleaseScriptingObjects (0ms)
			CreateAndSetChildDomain (19ms)
		EndReloadAssembly (641ms)
			LoadAssemblies (80ms)
			RebuildTransferFunctionScriptingTraits (0ms)
			SetupTypeCache (178ms)
			ReleaseScriptCaches (0ms)
			RebuildScriptCaches (52ms)
			SetupLoadedEditorAssemblies (299ms)
				LogAssemblyErrors (0ms)
				InitializePlatformSupportModulesInManaged (5ms)
				SetLoadedEditorAssemblies (0ms)
				RefreshPlugins (1ms)
				BeforeProcessingInitializeOnLoad (58ms)
				ProcessInitializeOnLoadAttributes (192ms)
				ProcessInitializeOnLoadMethodAttributes (33ms)
				AfterProcessingInitializeOnLoad (10ms)
				EditorAssembliesLoaded (0ms)
			ExecutionOrderSort2 (0ms)
			AwakeInstancesAfterBackupRestoration (6ms)
Platform modules already initialized, skipping
========================================================================
Worker process is ready to serve import requests
Launched and connected shader compiler UnityShaderCompiler.exe after 0.04 seconds
Refreshing native plugins compatible for Editor in 0.77 ms, found 2 plugins.
Preloading 0 native plugins for Editor in 0.00 ms.
Unloading 1852 Unused Serialized files (Serialized files now loaded: 0)
Unloading 23 unused Assets / (57.0 KB). Loaded Objects now: 2330.
Memory consumption went from 152.9 MB to 152.8 MB.
Total: 4.034200 ms (FindLiveObjects: 0.240100 ms CreateObjectMapping: 0.059300 ms MarkObjects: 3.622900 ms  DeleteObjects: 0.110400 ms)

AssetImportParameters requested are different than current active one (requested -> active):
  custom:video-decoder-ogg-theora: a1e56fd34408186e4bbccfd4996cb3dc -> 
  custom:container-muxer-webm: aa71ff27fc2769a1b78a27578f13a17b -> 
  custom:container-demuxer-webm: 4f35f7cbe854078d1ac9338744f61a02 -> 
  custom:video-encoder-webm-vp8: eb34c28f22e8b96e1ab97ce403110664 -> 
  custom:video-codec-MediaFoundation-h265: 746d11721c4dcdbdad8f713fa42b33f4 -> 
  custom:audio-encoder-webm-vorbis: bf7c407c2cedff20999df2af8eb42d56 -> 
  custom:framework-win-MediaFoundation: 216162199b28c13a410421893ffa2e32 -> 
  custom:container-demuxer-ogg: 62fdf1f143b41e24485cea50d1cbac27 -> 
  custom:video-decoder-webm-vp8: 9c59270c3fd7afecdb556c50c9e8de78 -> 
  custom:audio-decoder-ogg-vorbis: bf7c407c2cedff20999df2af8eb42d56 -> 
========================================================================
Received Import Request.
  Time since last request: 253.369336 seconds.
  path: Assets/Prefabs/damageparticle.prefab
  artifactKey: Guid(66dc3b0b00d9ec2449372775c9528d29) Importer(815301076,1909f56bfc062723c751e8b465ee728b)
Start importing Assets/Prefabs/damageparticle.prefab using Guid(66dc3b0b00d9ec2449372775c9528d29) Importer(815301076,1909f56bfc062723c751e8b465ee728b)  -> (artifact id: 'ea8a62aa7f993704fedde06de219ba38') in 1.876443 seconds 
========================================================================
Received Import Request.
  Time since last request: 28.439757 seconds.
  path: Assets/Materials/TileMat/dirt.png
  artifactKey: Guid(a92d626f4cc09174097bc8e3685b7456) Importer(815301076,1909f56bfc062723c751e8b465ee728b)
Start importing Assets/Materials/TileMat/dirt.png using Guid(a92d626f4cc09174097bc8e3685b7456) Importer(815301076,1909f56bfc062723c751e8b465ee728b)  -> (artifact id: 'be00f113841bebb41fedf7fe3b99b389') in 0.039385 seconds 
========================================================================
Received Import Request.
  Time since last request: 0.000022 seconds.
  path: Assets/Materials/TileMat/grassTile.png
  artifactKey: Guid(88097d5815aca8b4ca225f2540bc19a0) Importer(815301076,1909f56bfc062723c751e8b465ee728b)
Start importing Assets/Materials/TileMat/grassTile.png using Guid(88097d5815aca8b4ca225f2540bc19a0) Importer(815301076,1909f56bfc062723c751e8b465ee728b)  -> (artifact id: 'c6328fa7743c972eb4458b03c1b47936') in 0.020119 seconds 
========================================================================
Received Import Request.
  Time since last request: 0.000020 seconds.
  path: Assets/Materials/TileMat/grassTileMat.mat
  artifactKey: Guid(ed4f2366ef196384abf94cd99b6dba86) Importer(815301076,1909f56bfc062723c751e8b465ee728b)
Start importing Assets/Materials/TileMat/grassTileMat.mat using Guid(ed4f2366ef196384abf94cd99b6dba86) Importer(815301076,1909f56bfc062723c751e8b465ee728b)  -> (artifact id: '4b9d0849ac91242fc524fd127370442f') in 0.404838 seconds 
========================================================================
Received Import Request.
  Time since last request: 88.646907 seconds.
  path: Assets/Materials/Sprites/learnMovement1.PNG
  artifactKey: Guid(8b402c63b91549740b1808c070d91ce5) Importer(815301076,1909f56bfc062723c751e8b465ee728b)
Start importing Assets/Materials/Sprites/learnMovement1.PNG using Guid(8b402c63b91549740b1808c070d91ce5) Importer(815301076,1909f56bfc062723c751e8b465ee728b)  -> (artifact id: 'cda432e065997634b27f9b071837a930') in 0.036934 seconds 
========================================================================
Received Import Request.
  Time since last request: 0.000023 seconds.
  path: Assets/Materials/Sprites/learnMovement3.PNG
  artifactKey: Guid(f7104aa8b7899dd4d90eb9281f530ed5) Importer(815301076,1909f56bfc062723c751e8b465ee728b)
Start importing Assets/Materials/Sprites/learnMovement3.PNG using Guid(f7104aa8b7899dd4d90eb9281f530ed5) Importer(815301076,1909f56bfc062723c751e8b465ee728b)  -> (artifact id: '036487ffb98f1570c1d4c4c2caddf516') in 0.031223 seconds 
========================================================================
Received Import Request.
  Time since last request: 0.000026 seconds.
  path: Assets/Materials/Sprites/title.png
  artifactKey: Guid(326ec4f7b5ba8e7468fe28ce545ff85f) Importer(815301076,1909f56bfc062723c751e8b465ee728b)
Start importing Assets/Materials/Sprites/title.png using Guid(326ec4f7b5ba8e7468fe28ce545ff85f) Importer(815301076,1909f56bfc062723c751e8b465ee728b)  -> (artifact id: '5cde56fd8e6f4f54d1655220b853087f') in 0.143135 seconds 
========================================================================
Received Import Request.
  Time since last request: 0.000021 seconds.
  path: Assets/Materials/Sprites/topLeft 2.png
  artifactKey: Guid(fd5d970deee26324980becbf7920db2c) Importer(815301076,1909f56bfc062723c751e8b465ee728b)
Start importing Assets/Materials/Sprites/topLeft 2.png using Guid(fd5d970deee26324980becbf7920db2c) Importer(815301076,1909f56bfc062723c751e8b465ee728b)  -> (artifact id: '1f867b5658e205840231824fccae632f') in 0.030057 seconds 
========================================================================
Received Import Request.
  Time since last request: 5.942958 seconds.
  path: Assets/Materials/UIMat/greenUIMat.mat
  artifactKey: Guid(fa69bee1beda22f4fbce0a99eac6075b) Importer(815301076,1909f56bfc062723c751e8b465ee728b)
Start importing Assets/Materials/UIMat/greenUIMat.mat using Guid(fa69bee1beda22f4fbce0a99eac6075b) Importer(815301076,1909f56bfc062723c751e8b465ee728b)  -> (artifact id: '3e4f9921049804a1a982aed55a5e0c0f') in 0.217159 seconds 
========================================================================
Received Import Request.
  Time since last request: 0.000017 seconds.
  path: Assets/Materials/UIMat/UIunitRouteCurve.mat
  artifactKey: Guid(c0233804405c24045ab22ab92c20ea75) Importer(815301076,1909f56bfc062723c751e8b465ee728b)
Start importing Assets/Materials/UIMat/UIunitRouteCurve.mat using Guid(c0233804405c24045ab22ab92c20ea75) Importer(815301076,1909f56bfc062723c751e8b465ee728b)  -> (artifact id: '0e064b16c22d8a0bda4b1b07f29a9e86') in 0.013449 seconds 
========================================================================
Received Import Request.
  Time since last request: 0.000025 seconds.
  path: Assets/Materials/UIMat/UIcursorMat.mat
  artifactKey: Guid(59365d361b18bb345bd51c65e48722b0) Importer(815301076,1909f56bfc062723c751e8b465ee728b)
Start importing Assets/Materials/UIMat/UIcursorMat.mat using Guid(59365d361b18bb345bd51c65e48722b0) Importer(815301076,1909f56bfc062723c751e8b465ee728b)  -> (artifact id: '9d37a2724509cd08f47b01c6434b7f9e') in 0.013478 seconds 
========================================================================
Received Import Request.
  Time since last request: 3.832922 seconds.
  path: Assets/Materials/terrainTexture/grasstest2.png
  artifactKey: Guid(b757fa6188d61fc47aaedab25d28451f) Importer(815301076,1909f56bfc062723c751e8b465ee728b)
Start importing Assets/Materials/terrainTexture/grasstest2.png using Guid(b757fa6188d61fc47aaedab25d28451f) Importer(815301076,1909f56bfc062723c751e8b465ee728b)  -> (artifact id: 'f96084ad67cfe258cc8a6df17b7a453c') in 0.021870 seconds 
========================================================================
Received Import Request.
  Time since last request: 3.673740 seconds.
  path: Assets/Materials/UnitMat/unitMatWait.mat
  artifactKey: Guid(089b4f4377665ff4b8fd7d347753d397) Importer(815301076,1909f56bfc062723c751e8b465ee728b)
Start importing Assets/Materials/UnitMat/unitMatWait.mat using Guid(089b4f4377665ff4b8fd7d347753d397) Importer(815301076,1909f56bfc062723c751e8b465ee728b)  -> (artifact id: '10111275911145aeeade365cba992db1') in 0.017634 seconds 
========================================================================
Received Import Request.
  Time since last request: 2.914030 seconds.
  path: Assets/Prefabs/UI/UIMap.prefab
  artifactKey: Guid(41666af9af755b940a08bbf676955815) Importer(815301076,1909f56bfc062723c751e8b465ee728b)
Start importing Assets/Prefabs/UI/UIMap.prefab using Guid(41666af9af755b940a08bbf676955815) Importer(815301076,1909f56bfc062723c751e8b465ee728b)  -> (artifact id: '474f999d968798964cda09dc048e6dd9') in 0.020459 seconds 
========================================================================
Received Import Request.
  Time since last request: 4.909435 seconds.
  path: Assets/Prefabs/units/toonSkeleArcherBald.prefab
  artifactKey: Guid(c2ed526b5fd4fa54689a090c14f45c5b) Importer(815301076,1909f56bfc062723c751e8b465ee728b)
Start importing Assets/Prefabs/units/toonSkeleArcherBald.prefab using Guid(c2ed526b5fd4fa54689a090c14f45c5b) Importer(815301076,1909f56bfc062723c751e8b465ee728b)  -> (artifact id: 'd09527b519c0f742b3dda30003019a54') in 0.070392 seconds 
========================================================================
Received Import Request.
  Time since last request: 0.000017 seconds.
  path: Assets/Prefabs/units/unitToEdit.prefab
  artifactKey: Guid(45aedf8b99d0d8c46ac85b931d960b84) Importer(815301076,1909f56bfc062723c751e8b465ee728b)
Start importing Assets/Prefabs/units/unitToEdit.prefab using Guid(45aedf8b99d0d8c46ac85b931d960b84) Importer(815301076,1909f56bfc062723c751e8b465ee728b)  -> (artifact id: '259c182186a66786a9f396361f400cd5') in 0.032770 seconds 
Editor requested this worker to shutdown with reason: Scaling down because of idle timeout
AssetImportWorker is now disconnected from the server
Process exiting
Exiting without the bug reporter. Application will terminate with return code 0