Using pre-set license
Built from '2021.3/staging' branch; Version is '2021.3.10f1 (1c7d0df0160b) revision 1867021'; Using compiler version '192829333'; Build Type 'Release'
OS: 'Windows 11  (10.0.22621) 64bit Professional' Language: 'en' Physical Memory: 14188 MB
BatchMode: 1, IsHumanControllingUs: 0, StartBugReporterOnCrash: 0, Is64bit: 1, IsPro: 1

COMMAND LINE ARGUMENTS:
C:\Program Files\Unity\Hub\Editor\2021.3.10f1\Editor\Unity.exe
-adb2
-batchMode
-noUpm
-name
AssetImportWorker0
-projectPath
C:/Users/leago/Documents/GitHub/GADE_YEAR3/projectFiles
-logFile
Logs/AssetImportWorker0.log
-srvPort
50278
Successfully changed project path to: C:/Users/leago/Documents/GitHub/GADE_YEAR3/projectFiles
C:/Users/leago/Documents/GitHub/GADE_YEAR3/projectFiles
[UnityMemory] Configuration Parameters - Can be set up in boot.config
    "memorysetup-bucket-allocator-granularity=16"
    "memorysetup-bucket-allocator-bucket-count=8"
    "memorysetup-bucket-allocator-block-size=33554432"
    "memorysetup-bucket-allocator-block-count=8"
    "memorysetup-main-allocator-block-size=16777216"
    "memorysetup-thread-allocator-block-size=16777216"
    "memorysetup-gfx-main-allocator-block-size=16777216"
    "memorysetup-gfx-thread-allocator-block-size=16777216"
    "memorysetup-cache-allocator-block-size=4194304"
    "memorysetup-typetree-allocator-block-size=2097152"
    "memorysetup-profiler-bucket-allocator-granularity=16"
    "memorysetup-profiler-bucket-allocator-bucket-count=8"
    "memorysetup-profiler-bucket-allocator-block-size=33554432"
    "memorysetup-profiler-bucket-allocator-block-count=8"
    "memorysetup-profiler-allocator-block-size=16777216"
    "memorysetup-profiler-editor-allocator-block-size=1048576"
    "memorysetup-temp-allocator-size-main=16777216"
    "memorysetup-job-temp-allocator-block-size=2097152"
    "memorysetup-job-temp-allocator-block-size-background=1048576"
    "memorysetup-job-temp-allocator-reduction-small-platforms=262144"
    "memorysetup-temp-allocator-size-background-worker=32768"
    "memorysetup-temp-allocator-size-job-worker=262144"
    "memorysetup-temp-allocator-size-preload-manager=33554432"
    "memorysetup-temp-allocator-size-nav-mesh-worker=65536"
    "memorysetup-temp-allocator-size-audio-worker=65536"
    "memorysetup-temp-allocator-size-cloud-worker=32768"
    "memorysetup-temp-allocator-size-gi-baking-worker=262144"
    "memorysetup-temp-allocator-size-gfx=262144"
Refreshing native plugins compatible for Editor in 37.21 ms, found 2 plugins.
Preloading 0 native plugins for Editor in 0.00 ms.
Initialize engine version: 2021.3.10f1 (1c7d0df0160b)
[Subsystems] Discovering subsystems at path C:/Program Files/Unity/Hub/Editor/2021.3.10f1/Editor/Data/Resources/UnitySubsystems
[Subsystems] Discovering subsystems at path C:/Users/leago/Documents/GitHub/GADE_YEAR3/projectFiles/Assets
GfxDevice: creating device client; threaded=0; jobified=0
Direct3D:
    Version:  Direct3D 11.0 [level 11.1]
    Renderer: NVIDIA GeForce RTX 3050 Laptop GPU (ID=0x25a2)
    Vendor:   NVIDIA
    VRAM:     3979 MB
    Driver:   31.0.15.2892
Initialize mono
Mono path[0] = 'C:/Program Files/Unity/Hub/Editor/2021.3.10f1/Editor/Data/Managed'
Mono path[1] = 'C:/Program Files/Unity/Hub/Editor/2021.3.10f1/Editor/Data/MonoBleedingEdge/lib/mono/unityjit-win32'
Mono config path = 'C:/Program Files/Unity/Hub/Editor/2021.3.10f1/Editor/Data/MonoBleedingEdge/etc'
Using monoOptions --debugger-agent=transport=dt_socket,embedding=1,server=y,suspend=n,address=127.0.0.1:56052
Begin MonoManager ReloadAssembly
Registering precompiled unity dll's ...
Register platform support module: C:/Program Files/Unity/Hub/Editor/2021.3.10f1/Editor/Data/PlaybackEngines/WindowsStandaloneSupport/UnityEditor.WindowsStandalone.Extensions.dll
Registered in 0.007987 seconds.
Native extension for WindowsStandalone target not found
Refreshing native plugins compatible for Editor in 26.21 ms, found 2 plugins.
Preloading 0 native plugins for Editor in 0.00 ms.
Mono: successfully reloaded assembly
- Completed reload, in  0.521 seconds
Domain Reload Profiling:
	ReloadAssembly (522ms)
		BeginReloadAssembly (77ms)
			ExecutionOrderSort (0ms)
			DisableScriptedObjects (0ms)
			BackupInstance (0ms)
			ReleaseScriptingObjects (0ms)
			CreateAndSetChildDomain (1ms)
		EndReloadAssembly (334ms)
			LoadAssemblies (72ms)
			RebuildTransferFunctionScriptingTraits (0ms)
			SetupTypeCache (93ms)
			ReleaseScriptCaches (0ms)
			RebuildScriptCaches (20ms)
			SetupLoadedEditorAssemblies (175ms)
				LogAssemblyErrors (0ms)
				InitializePlatformSupportModulesInManaged (7ms)
				SetLoadedEditorAssemblies (0ms)
				RefreshPlugins (26ms)
				BeforeProcessingInitializeOnLoad (1ms)
				ProcessInitializeOnLoadAttributes (102ms)
				ProcessInitializeOnLoadMethodAttributes (39ms)
				AfterProcessingInitializeOnLoad (0ms)
				EditorAssembliesLoaded (0ms)
			ExecutionOrderSort2 (0ms)
			AwakeInstancesAfterBackupRestoration (0ms)
Platform modules already initialized, skipping
Registering precompiled user dll's ...
Registered in 0.006654 seconds.
Begin MonoManager ReloadAssembly
Native extension for WindowsStandalone target not found
Refreshing native plugins compatible for Editor in 0.52 ms, found 2 plugins.
Preloading 0 native plugins for Editor in 0.00 ms.
Mono: successfully reloaded assembly
- Completed reload, in  0.906 seconds
Domain Reload Profiling:
	ReloadAssembly (907ms)
		BeginReloadAssembly (110ms)
			ExecutionOrderSort (0ms)
			DisableScriptedObjects (5ms)
			BackupInstance (0ms)
			ReleaseScriptingObjects (0ms)
			CreateAndSetChildDomain (19ms)
		EndReloadAssembly (681ms)
			LoadAssemblies (83ms)
			RebuildTransferFunctionScriptingTraits (0ms)
			SetupTypeCache (199ms)
			ReleaseScriptCaches (1ms)
			RebuildScriptCaches (44ms)
			SetupLoadedEditorAssemblies (313ms)
				LogAssemblyErrors (0ms)
				InitializePlatformSupportModulesInManaged (6ms)
				SetLoadedEditorAssemblies (1ms)
				RefreshPlugins (1ms)
				BeforeProcessingInitializeOnLoad (58ms)
				ProcessInitializeOnLoadAttributes (198ms)
				ProcessInitializeOnLoadMethodAttributes (38ms)
				AfterProcessingInitializeOnLoad (12ms)
				EditorAssembliesLoaded (0ms)
			ExecutionOrderSort2 (0ms)
			AwakeInstancesAfterBackupRestoration (7ms)
Platform modules already initialized, skipping
========================================================================
Worker process is ready to serve import requests
Launched and connected shader compiler UnityShaderCompiler.exe after 0.04 seconds
Refreshing native plugins compatible for Editor in 0.40 ms, found 2 plugins.
Preloading 0 native plugins for Editor in 0.00 ms.
Unloading 1852 Unused Serialized files (Serialized files now loaded: 0)
Unloading 23 unused Assets / (57.0 KB). Loaded Objects now: 2330.
Memory consumption went from 152.8 MB to 152.8 MB.
Total: 2.965200 ms (FindLiveObjects: 0.135400 ms CreateObjectMapping: 0.042200 ms MarkObjects: 2.706600 ms  DeleteObjects: 0.080100 ms)

AssetImportParameters requested are different than current active one (requested -> active):
  custom:video-decoder-ogg-theora: a1e56fd34408186e4bbccfd4996cb3dc -> 
  custom:container-muxer-webm: aa71ff27fc2769a1b78a27578f13a17b -> 
  custom:container-demuxer-webm: 4f35f7cbe854078d1ac9338744f61a02 -> 
  custom:video-encoder-webm-vp8: eb34c28f22e8b96e1ab97ce403110664 -> 
  custom:video-codec-MediaFoundation-h265: 746d11721c4dcdbdad8f713fa42b33f4 -> 
  custom:audio-encoder-webm-vorbis: bf7c407c2cedff20999df2af8eb42d56 -> 
  custom:framework-win-MediaFoundation: 216162199b28c13a410421893ffa2e32 -> 
  custom:container-demuxer-ogg: 62fdf1f143b41e24485cea50d1cbac27 -> 
  custom:video-decoder-webm-vp8: 9c59270c3fd7afecdb556c50c9e8de78 -> 
  custom:audio-decoder-ogg-vorbis: bf7c407c2cedff20999df2af8eb42d56 -> 
========================================================================
Received Import Request.
  Time since last request: 253.651483 seconds.
  path: Assets/Prefabs/tiles/tileDefault.prefab
  artifactKey: Guid(734892a7d1fa60b45bd802c1839325ac) Importer(815301076,1909f56bfc062723c751e8b465ee728b)
Start importing Assets/Prefabs/tiles/tileDefault.prefab using Guid(734892a7d1fa60b45bd802c1839325ac) Importer(815301076,1909f56bfc062723c751e8b465ee728b)  -> (artifact id: '70234e19f4c0a7d069b41f78673e4983') in 0.342693 seconds 
========================================================================
Received Import Request.
  Time since last request: 0.000025 seconds.
  path: Assets/Prefabs/tiles/tileMoutain.prefab
  artifactKey: Guid(115057bd6b195a549b01bf5a7cf54459) Importer(815301076,1909f56bfc062723c751e8b465ee728b)
Start importing Assets/Prefabs/tiles/tileMoutain.prefab using Guid(115057bd6b195a549b01bf5a7cf54459) Importer(815301076,1909f56bfc062723c751e8b465ee728b)  -> (artifact id: 'f7aace63a5852ec25a5e75270ef7ad28') in 0.022298 seconds 
========================================================================
Received Import Request.
  Time since last request: 0.000037 seconds.
  path: Assets/Prefabs/tiles/tileForest.prefab
  artifactKey: Guid(54e6a54cbeb9ede45a94f8ddbb219b83) Importer(815301076,1909f56bfc062723c751e8b465ee728b)
Start importing Assets/Prefabs/tiles/tileForest.prefab using Guid(54e6a54cbeb9ede45a94f8ddbb219b83) Importer(815301076,1909f56bfc062723c751e8b465ee728b)  -> (artifact id: '1db6834480b42ec7bc0048f9485e3c00') in 0.022272 seconds 
========================================================================
Received Import Request.
  Time since last request: 0.000027 seconds.
  path: Assets/Prefabs/tiles/tileGrass.prefab
  artifactKey: Guid(fd602312fcb3b7143ac6811eb2234fa9) Importer(815301076,1909f56bfc062723c751e8b465ee728b)
Start importing Assets/Prefabs/tiles/tileGrass.prefab using Guid(fd602312fcb3b7143ac6811eb2234fa9) Importer(815301076,1909f56bfc062723c751e8b465ee728b)  -> (artifact id: '452f01e83048732205a6888a226b34ee') in 0.020014 seconds 
========================================================================
Received Import Request.
  Time since last request: 0.000018 seconds.
  path: Assets/Prefabs/tiles/tileDirt.prefab
  artifactKey: Guid(7038b1e647959f4408b58a35eba64b86) Importer(815301076,1909f56bfc062723c751e8b465ee728b)
Start importing Assets/Prefabs/tiles/tileDirt.prefab using Guid(7038b1e647959f4408b58a35eba64b86) Importer(815301076,1909f56bfc062723c751e8b465ee728b)  -> (artifact id: '2e7eb00c4dbc480e3f2d989331425f86') in 0.018935 seconds 
========================================================================
Received Import Request.
  Time since last request: 0.000032 seconds.
  path: Assets/Prefabs/tiles
  artifactKey: Guid(d92d1d8dfa8910b4ea220b63569127df) Importer(815301076,1909f56bfc062723c751e8b465ee728b)
Start importing Assets/Prefabs/tiles using Guid(d92d1d8dfa8910b4ea220b63569127df) Importer(815301076,1909f56bfc062723c751e8b465ee728b)  -> (artifact id: 'ba1e6f45acd962d016b412068b17b1c1') in 0.009182 seconds 
========================================================================
Received Import Request.
  Time since last request: 29.578322 seconds.
  path: Assets/Materials/TileMat/castleWallMat.mat
  artifactKey: Guid(283db7b8c9741c448b7d728a04a883ce) Importer(815301076,1909f56bfc062723c751e8b465ee728b)
Start importing Assets/Materials/TileMat/castleWallMat.mat using Guid(283db7b8c9741c448b7d728a04a883ce) Importer(815301076,1909f56bfc062723c751e8b465ee728b)  -> (artifact id: '0f7cc06aa3f7ecc6ed2a96b2e7bf8265') in 0.038515 seconds 
========================================================================
Received Import Request.
  Time since last request: 0.000024 seconds.
  path: Assets/Materials/TileMat/tileMat.mat
  artifactKey: Guid(7ccd2e0dfda3b4d49aa2ae7e72a7cfd1) Importer(815301076,1909f56bfc062723c751e8b465ee728b)
Start importing Assets/Materials/TileMat/tileMat.mat using Guid(7ccd2e0dfda3b4d49aa2ae7e72a7cfd1) Importer(815301076,1909f56bfc062723c751e8b465ee728b)  -> (artifact id: 'd8456708202c3aa2ba4092dd72864dcb') in 0.022884 seconds 
========================================================================
Received Import Request.
  Time since last request: 0.000062 seconds.
  path: Assets/Materials/TileMat/forestTileMat.mat
  artifactKey: Guid(6bef67d8d13f9a645b84335c6104af5c) Importer(815301076,1909f56bfc062723c751e8b465ee728b)
Start importing Assets/Materials/TileMat/forestTileMat.mat using Guid(6bef67d8d13f9a645b84335c6104af5c) Importer(815301076,1909f56bfc062723c751e8b465ee728b)  -> (artifact id: 'f27d2c4d182e9433ff01ae07ab6955f3') in 0.018586 seconds 
========================================================================
Received Import Request.
  Time since last request: 0.000026 seconds.
  path: Assets/Materials/TileMat/topBotBorderMat.mat
  artifactKey: Guid(b61843c895e03614d9f8b47447f3de58) Importer(815301076,1909f56bfc062723c751e8b465ee728b)
Start importing Assets/Materials/TileMat/topBotBorderMat.mat using Guid(b61843c895e03614d9f8b47447f3de58) Importer(815301076,1909f56bfc062723c751e8b465ee728b)  -> (artifact id: 'e4d6b89ecb70fdee3f5640ba5b34ae77') in 0.016387 seconds 
========================================================================
Received Import Request.
  Time since last request: 0.000025 seconds.
  path: Assets/Materials/TileMat/leftRightBorderMat.mat
  artifactKey: Guid(007e3aca9096d2b41b3371a8d278a362) Importer(815301076,1909f56bfc062723c751e8b465ee728b)
Start importing Assets/Materials/TileMat/leftRightBorderMat.mat using Guid(007e3aca9096d2b41b3371a8d278a362) Importer(815301076,1909f56bfc062723c751e8b465ee728b)  -> (artifact id: 'c4338d56490bc330d003cbe895686c4f') in 0.020103 seconds 
========================================================================
Received Import Request.
  Time since last request: 0.000018 seconds.
  path: Assets/Materials/TileMat/testTile.png
  artifactKey: Guid(aba749b1b5da07a4a8f4e2019cd1143e) Importer(815301076,1909f56bfc062723c751e8b465ee728b)
Start importing Assets/Materials/TileMat/testTile.png using Guid(aba749b1b5da07a4a8f4e2019cd1143e) Importer(815301076,1909f56bfc062723c751e8b465ee728b)  -> (artifact id: '89661368d782602593009c46c46dfe94') in 0.024975 seconds 
========================================================================
Received Import Request.
  Time since last request: 0.000026 seconds.
  path: Assets/Materials/TileMat/tileMountainMat.mat
  artifactKey: Guid(9db9a146aeb771a478028ae60fc37abd) Importer(815301076,1909f56bfc062723c751e8b465ee728b)
Start importing Assets/Materials/TileMat/tileMountainMat.mat using Guid(9db9a146aeb771a478028ae60fc37abd) Importer(815301076,1909f56bfc062723c751e8b465ee728b)  -> (artifact id: '5faa4837b515ff383fb0a5c9cde5fcc4') in 0.022018 seconds 
========================================================================
Received Import Request.
  Time since last request: 0.000023 seconds.
  path: Assets/Materials/TileMat/dirtTileMat.mat
  artifactKey: Guid(7a47e047f5de1e845a453122f2bee7fe) Importer(815301076,1909f56bfc062723c751e8b465ee728b)
Start importing Assets/Materials/TileMat/dirtTileMat.mat using Guid(7a47e047f5de1e845a453122f2bee7fe) Importer(815301076,1909f56bfc062723c751e8b465ee728b)  -> (artifact id: 'ed06ca05e8e74030cdceddff6b36b241') in 0.016473 seconds 
Editor requested this worker to shutdown with reason: Scaling down because of idle timeout
AssetImportWorker is now disconnected from the server
Process exiting
Exiting without the bug reporter. Application will terminate with return code 0